<?xml version="1.0" encoding="UTF-8"?>
<!-- Generated by org.testng.reporters.JUnitReportReporter -->
<testsuite hostname="LAPTOP-OAE6CNGV" failures="0" tests="3" name="TestNG.Test01" time="0.019" errors="0" timestamp="2023-07-18T12:04:46 IST" skipped="0">
  <testcase classname="TestNG.Test01" name="composemailTest" time="0.008"/>
  <testcase classname="TestNG.Test01" name="deletetesxt" time="0.006"/>
  <testcase classname="TestNG.Test01" name="searchmailtext" time="0.005"/>
</testsuite> <!-- TestNG.Test01 -->
